<?xml version="1.0" encoding="UTF-8"?>
<testsuite name="com.acelera.generators.CriaCandidatoTest" tests="1" skipped="0" failures="0" errors="0" timestamp="2022-08-25T19:03:48" hostname="rkd" time="0.062">
  <properties/>
  <testcase name="Checagem de competÃªncia" classname="com.acelera.generators.CriaCandidatoTest" time="0.062"/>
  <system-out><![CDATA[]]></system-out>
  <system-err><![CDATA[]]></system-err>
</testsuite>
